<?xml version="1.0" encoding="UTF-8"?>
<!-- Generated by org.testng.reporters.JUnitXMLReporter -->
<testsuite ignored="0" hostname="Deepu" failures="0" tests="48" name="Test" time="62.843" errors="0" timestamp="2025-09-08T00:45:43 IST">
  <testcase classname="tests.BagistoStepByStepTest" name="openAdminPanel" time="2.223"/>
  <testcase classname="tests.BagistoStepByStepTest" name="enterEmail" time="0.162"/>
  <testcase classname="tests.BagistoStepByStepTest" name="enterPassword" time="0.12"/>
  <testcase classname="tests.BagistoStepByStepTest" name="clickSignIn" time="0.091"/>
  <testcase classname="tests.BagistoStepByStepTest" name="enableDarkMode" time="2.315"/>
  <testcase classname="tests.BagistoStepByStepTest" name="openCalendar" time="0.055"/>
  <testcase classname="tests.BagistoStepByStepTest" name="selectToday" time="0.122"/>
  <testcase classname="tests.BagistoStepByStepTest" name="openNotifications" time="0.149"/>
  <testcase classname="tests.BagistoStepByStepTest" name="clickViewAllNotifications" time="2.19"/>
  <testcase classname="tests.BagistoStepByStepTest" name="searchCustomer" time="3.111"/>
  <testcase classname="tests.BagistoStepByStepTest" name="clickCustomersDiv" time="0.051"/>
  <testcase classname="tests.BagistoStepByStepTest" name="waitForSearchResults" time="0.03"/>
  <testcase classname="tests.BagistoStepByStepTest" name="clickFirstSearchResult" time="2.34"/>
  <testcase classname="tests.BagistoStepByStepTest" name="waitForDeleteIcon" time="0.053"/>
  <testcase classname="tests.BagistoStepByStepTest" name="clickDeleteIcon" time="0.121"/>
  <testcase classname="tests.BagistoStepByStepTest" name="waitForAgreeBtn" time="0.56"/>
  <testcase classname="tests.BagistoStepByStepTest" name="clickAgreeBtn" time="2.127"/>
  <testcase classname="tests.BagistoStepByStepTest" name="goToCustomersMenu" time="1.743"/>
  <testcase classname="tests.BagistoStepByStepTest" name="clickCustomersSubMenu" time="1.755"/>
  <testcase classname="tests.BagistoStepByStepTest" name="clickCreateCustomerBtn" time="0.122"/>
  <testcase classname="tests.BagistoStepByStepTest" name="enterFirstName" time="0.624"/>
  <testcase classname="tests.BagistoStepByStepTest" name="enterLastName" time="0.087"/>
  <testcase classname="tests.BagistoStepByStepTest" name="enterCustomerEmail" time="0.098"/>
  <testcase classname="tests.BagistoStepByStepTest" name="selectGender" time="0.125"/>
  <testcase classname="tests.BagistoStepByStepTest" name="clickSaveCustomerBtn" time="4.105"/>
  <testcase classname="tests.BagistoStepByStepTest" name="clickNewCustomerLogin" time="0.147"/>
  <testcase classname="tests.BagistoStepByStepTest" name="clickAddress" time="4.233"/>
  <testcase classname="tests.BagistoStepByStepTest" name="clickAddAddressBtn" time="1.939"/>
  <testcase classname="tests.BagistoStepByStepTest" name="enterAddressFirstName" time="0.109"/>
  <testcase classname="tests.BagistoStepByStepTest" name="enterAddressLastName" time="0.081"/>
  <testcase classname="tests.BagistoStepByStepTest" name="enterAddressEmail" time="0.115"/>
  <testcase classname="tests.BagistoStepByStepTest" name="enterStreetAddress" time="0.091"/>
  <testcase classname="tests.BagistoStepByStepTest" name="selectCountry" time="0.129"/>
  <testcase classname="tests.BagistoStepByStepTest" name="selectState" time="0.102"/>
  <testcase classname="tests.BagistoStepByStepTest" name="enterCity" time="0.099"/>
  <testcase classname="tests.BagistoStepByStepTest" name="enterPostCode" time="0.083"/>
  <testcase classname="tests.BagistoStepByStepTest" name="enterPhone" time="0.08"/>
  <testcase classname="tests.BagistoStepByStepTest" name="clickSaveAddressBtn" time="2.262"/>
  <testcase classname="tests.RegExcel" name="clickUsersIcon" time="1.105"/>
  <testcase classname="tests.RegExcel" name="clickUsersIcon" time="1.089"/>
  <testcase classname="tests.RegExcel" name="clickSignUpLink" time="11.688"/>
  <testcase classname="tests.RegExcel" name="enterFirstName" time="0.235"/>
  <testcase classname="tests.RegExcel" name="enterLastName" time="0.062"/>
  <testcase classname="tests.RegExcel" name="enterEmail" time="0.082"/>
  <testcase classname="tests.RegExcel" name="enterPassword" time="0.068"/>
  <testcase classname="tests.RegExcel" name="enterConfirmPassword" time="0.067"/>
  <testcase classname="tests.RegExcel" name="clickAgreement" time="0.522"/>
  <testcase classname="tests.RegExcel" name="clickSubmit" time="5.968"/>
</testsuite> <!-- Test -->
