<?xml version="1.0" encoding="UTF-8"?>
<!-- Generated by org.testng.reporters.JUnitXMLReporter -->
<testsuite ignored="0" hostname="Deepu" failures="0" tests="38" name="Default test" time="37.179" errors="0" timestamp="2025-09-08T00:21:51 IST">
  <testcase classname="tests.BagistoStepByStepTest" name="openAdminPanel" time="2.92"/>
  <testcase classname="tests.BagistoStepByStepTest" name="enterEmail" time="0.187"/>
  <testcase classname="tests.BagistoStepByStepTest" name="enterPassword" time="0.148"/>
  <testcase classname="tests.BagistoStepByStepTest" name="clickSignIn" time="0.118"/>
  <testcase classname="tests.BagistoStepByStepTest" name="enableDarkMode" time="2.945"/>
  <testcase classname="tests.BagistoStepByStepTest" name="openCalendar" time="0.055"/>
  <testcase classname="tests.BagistoStepByStepTest" name="selectToday" time="0.171"/>
  <testcase classname="tests.BagistoStepByStepTest" name="openNotifications" time="0.098"/>
  <testcase classname="tests.BagistoStepByStepTest" name="clickViewAllNotifications" time="2.29"/>
  <testcase classname="tests.BagistoStepByStepTest" name="searchCustomer" time="3.114"/>
  <testcase classname="tests.BagistoStepByStepTest" name="clickCustomersDiv" time="0.056"/>
  <testcase classname="tests.BagistoStepByStepTest" name="waitForSearchResults" time="0.03"/>
  <testcase classname="tests.BagistoStepByStepTest" name="clickFirstSearchResult" time="2.593"/>
  <testcase classname="tests.BagistoStepByStepTest" name="waitForDeleteIcon" time="0.056"/>
  <testcase classname="tests.BagistoStepByStepTest" name="clickDeleteIcon" time="0.117"/>
  <testcase classname="tests.BagistoStepByStepTest" name="waitForAgreeBtn" time="0.044"/>
  <testcase classname="tests.BagistoStepByStepTest" name="clickAgreeBtn" time="2.105"/>
  <testcase classname="tests.BagistoStepByStepTest" name="goToCustomersMenu" time="1.616"/>
  <testcase classname="tests.BagistoStepByStepTest" name="clickCustomersSubMenu" time="1.854"/>
  <testcase classname="tests.BagistoStepByStepTest" name="clickCreateCustomerBtn" time="0.13"/>
  <testcase classname="tests.BagistoStepByStepTest" name="enterFirstName" time="0.616"/>
  <testcase classname="tests.BagistoStepByStepTest" name="enterLastName" time="0.082"/>
  <testcase classname="tests.BagistoStepByStepTest" name="enterCustomerEmail" time="0.086"/>
  <testcase classname="tests.BagistoStepByStepTest" name="selectGender" time="0.107"/>
  <testcase classname="tests.BagistoStepByStepTest" name="clickSaveCustomerBtn" time="4.097"/>
  <testcase classname="tests.BagistoStepByStepTest" name="clickNewCustomerLogin" time="0.134"/>
  <testcase classname="tests.BagistoStepByStepTest" name="clickAddress" time="4.23"/>
  <testcase classname="tests.BagistoStepByStepTest" name="clickAddAddressBtn" time="1.941"/>
  <testcase classname="tests.BagistoStepByStepTest" name="enterAddressFirstName" time="0.112"/>
  <testcase classname="tests.BagistoStepByStepTest" name="enterAddressLastName" time="0.089"/>
  <testcase classname="tests.BagistoStepByStepTest" name="enterAddressEmail" time="0.112"/>
  <testcase classname="tests.BagistoStepByStepTest" name="enterStreetAddress" time="0.09"/>
  <testcase classname="tests.BagistoStepByStepTest" name="selectCountry" time="0.12"/>
  <testcase classname="tests.BagistoStepByStepTest" name="selectState" time="0.102"/>
  <testcase classname="tests.BagistoStepByStepTest" name="enterCity" time="0.085"/>
  <testcase classname="tests.BagistoStepByStepTest" name="enterPostCode" time="0.1"/>
  <testcase classname="tests.BagistoStepByStepTest" name="enterPhone" time="0.1"/>
  <testcase classname="tests.BagistoStepByStepTest" name="clickSaveAddressBtn" time="2.228"/>
</testsuite> <!-- Default test -->
