<?xml version="1.0" encoding="UTF-8"?>
<testng-results ignored="0" total="48" passed="48" failed="0" skipped="0">
  <reporter-output>
  </reporter-output>
  <suite started-at="2025-09-08T00:44:40 IST" name="Suite" finished-at="2025-09-08T00:45:43 IST" duration-ms="62843">
    <groups>
    </groups>
    <test started-at="2025-09-08T00:44:40 IST" name="Test" finished-at="2025-09-08T00:45:43 IST" duration-ms="62843">
      <class name="tests.BagistoStepByStepTest">
        <test-method is-config="true" signature="setUp()[pri:0, instance:tests.BagistoStepByStepTest@6a2f6f80]" started-at="2025-09-08T00:44:40 IST" name="setUp" finished-at="2025-09-08T00:44:42 IST" duration-ms="2070" status="PASS">
          <reporter-output>
          </reporter-output>
        </test-method> <!-- setUp -->
        <test-method signature="openAdminPanel()[pri:1, instance:tests.BagistoStepByStepTest@6a2f6f80]" started-at="2025-09-08T00:44:42 IST" name="openAdminPanel" finished-at="2025-09-08T00:44:44 IST" duration-ms="2223" status="PASS">
          <reporter-output>
          </reporter-output>
        </test-method> <!-- openAdminPanel -->
        <test-method signature="enterEmail()[pri:2, instance:tests.BagistoStepByStepTest@6a2f6f80]" started-at="2025-09-08T00:44:44 IST" name="enterEmail" finished-at="2025-09-08T00:44:44 IST" depends-on-methods="tests.BagistoStepByStepTest.openAdminPanel" duration-ms="162" status="PASS">
          <reporter-output>
          </reporter-output>
        </test-method> <!-- enterEmail -->
        <test-method signature="enterPassword()[pri:3, instance:tests.BagistoStepByStepTest@6a2f6f80]" started-at="2025-09-08T00:44:44 IST" name="enterPassword" finished-at="2025-09-08T00:44:44 IST" depends-on-methods="tests.BagistoStepByStepTest.enterEmail" duration-ms="120" status="PASS">
          <reporter-output>
          </reporter-output>
        </test-method> <!-- enterPassword -->
        <test-method signature="clickSignIn()[pri:4, instance:tests.BagistoStepByStepTest@6a2f6f80]" started-at="2025-09-08T00:44:44 IST" name="clickSignIn" finished-at="2025-09-08T00:44:44 IST" depends-on-methods="tests.BagistoStepByStepTest.enterPassword" duration-ms="91" status="PASS">
          <reporter-output>
          </reporter-output>
        </test-method> <!-- clickSignIn -->
        <test-method signature="enableDarkMode()[pri:5, instance:tests.BagistoStepByStepTest@6a2f6f80]" started-at="2025-09-08T00:44:44 IST" name="enableDarkMode" finished-at="2025-09-08T00:44:47 IST" depends-on-methods="tests.BagistoStepByStepTest.clickSignIn" duration-ms="2315" status="PASS">
          <reporter-output>
          </reporter-output>
        </test-method> <!-- enableDarkMode -->
        <test-method signature="openCalendar()[pri:6, instance:tests.BagistoStepByStepTest@6a2f6f80]" started-at="2025-09-08T00:44:47 IST" name="openCalendar" finished-at="2025-09-08T00:44:47 IST" depends-on-methods="tests.BagistoStepByStepTest.enableDarkMode" duration-ms="55" status="PASS">
          <reporter-output>
          </reporter-output>
        </test-method> <!-- openCalendar -->
        <test-method signature="selectToday()[pri:7, instance:tests.BagistoStepByStepTest@6a2f6f80]" started-at="2025-09-08T00:44:47 IST" name="selectToday" finished-at="2025-09-08T00:44:47 IST" depends-on-methods="tests.BagistoStepByStepTest.openCalendar" duration-ms="122" status="PASS">
          <reporter-output>
          </reporter-output>
        </test-method> <!-- selectToday -->
        <test-method signature="openNotifications()[pri:8, instance:tests.BagistoStepByStepTest@6a2f6f80]" started-at="2025-09-08T00:44:47 IST" name="openNotifications" finished-at="2025-09-08T00:44:47 IST" depends-on-methods="tests.BagistoStepByStepTest.selectToday" duration-ms="149" status="PASS">
          <reporter-output>
          </reporter-output>
        </test-method> <!-- openNotifications -->
        <test-method signature="clickViewAllNotifications()[pri:9, instance:tests.BagistoStepByStepTest@6a2f6f80]" started-at="2025-09-08T00:44:47 IST" name="clickViewAllNotifications" finished-at="2025-09-08T00:44:49 IST" depends-on-methods="tests.BagistoStepByStepTest.openNotifications" duration-ms="2190" status="PASS">
          <reporter-output>
          </reporter-output>
        </test-method> <!-- clickViewAllNotifications -->
        <test-method signature="searchCustomer()[pri:10, instance:tests.BagistoStepByStepTest@6a2f6f80]" started-at="2025-09-08T00:44:49 IST" name="searchCustomer" finished-at="2025-09-08T00:44:52 IST" depends-on-methods="tests.BagistoStepByStepTest.clickViewAllNotifications" duration-ms="3111" status="PASS">
          <reporter-output>
          </reporter-output>
        </test-method> <!-- searchCustomer -->
        <test-method signature="clickCustomersDiv()[pri:11, instance:tests.BagistoStepByStepTest@6a2f6f80]" started-at="2025-09-08T00:44:52 IST" name="clickCustomersDiv" finished-at="2025-09-08T00:44:52 IST" depends-on-methods="tests.BagistoStepByStepTest.searchCustomer" duration-ms="51" status="PASS">
          <reporter-output>
          </reporter-output>
        </test-method> <!-- clickCustomersDiv -->
        <test-method signature="waitForSearchResults()[pri:12, instance:tests.BagistoStepByStepTest@6a2f6f80]" started-at="2025-09-08T00:44:52 IST" name="waitForSearchResults" finished-at="2025-09-08T00:44:52 IST" depends-on-methods="tests.BagistoStepByStepTest.clickCustomersDiv" duration-ms="30" status="PASS">
          <reporter-output>
          </reporter-output>
        </test-method> <!-- waitForSearchResults -->
        <test-method signature="clickFirstSearchResult()[pri:13, instance:tests.BagistoStepByStepTest@6a2f6f80]" started-at="2025-09-08T00:44:52 IST" name="clickFirstSearchResult" finished-at="2025-09-08T00:44:55 IST" depends-on-methods="tests.BagistoStepByStepTest.waitForSearchResults" duration-ms="2340" status="PASS">
          <reporter-output>
          </reporter-output>
        </test-method> <!-- clickFirstSearchResult -->
        <test-method signature="waitForDeleteIcon()[pri:14, instance:tests.BagistoStepByStepTest@6a2f6f80]" started-at="2025-09-08T00:44:55 IST" name="waitForDeleteIcon" finished-at="2025-09-08T00:44:55 IST" depends-on-methods="tests.BagistoStepByStepTest.clickFirstSearchResult" duration-ms="53" status="PASS">
          <reporter-output>
          </reporter-output>
        </test-method> <!-- waitForDeleteIcon -->
        <test-method signature="clickDeleteIcon()[pri:15, instance:tests.BagistoStepByStepTest@6a2f6f80]" started-at="2025-09-08T00:44:55 IST" name="clickDeleteIcon" finished-at="2025-09-08T00:44:55 IST" depends-on-methods="tests.BagistoStepByStepTest.waitForDeleteIcon" duration-ms="121" status="PASS">
          <reporter-output>
          </reporter-output>
        </test-method> <!-- clickDeleteIcon -->
        <test-method signature="waitForAgreeBtn()[pri:16, instance:tests.BagistoStepByStepTest@6a2f6f80]" started-at="2025-09-08T00:44:55 IST" name="waitForAgreeBtn" finished-at="2025-09-08T00:44:56 IST" depends-on-methods="tests.BagistoStepByStepTest.clickDeleteIcon" duration-ms="560" status="PASS">
          <reporter-output>
          </reporter-output>
        </test-method> <!-- waitForAgreeBtn -->
        <test-method signature="clickAgreeBtn()[pri:17, instance:tests.BagistoStepByStepTest@6a2f6f80]" started-at="2025-09-08T00:44:56 IST" name="clickAgreeBtn" finished-at="2025-09-08T00:44:58 IST" depends-on-methods="tests.BagistoStepByStepTest.waitForAgreeBtn" duration-ms="2127" status="PASS">
          <reporter-output>
          </reporter-output>
        </test-method> <!-- clickAgreeBtn -->
        <test-method signature="goToCustomersMenu()[pri:18, instance:tests.BagistoStepByStepTest@6a2f6f80]" started-at="2025-09-08T00:44:58 IST" name="goToCustomersMenu" finished-at="2025-09-08T00:44:59 IST" depends-on-methods="tests.BagistoStepByStepTest.clickAgreeBtn" duration-ms="1743" status="PASS">
          <reporter-output>
          </reporter-output>
        </test-method> <!-- goToCustomersMenu -->
        <test-method signature="clickCustomersSubMenu()[pri:19, instance:tests.BagistoStepByStepTest@6a2f6f80]" started-at="2025-09-08T00:44:59 IST" name="clickCustomersSubMenu" finished-at="2025-09-08T00:45:01 IST" depends-on-methods="tests.BagistoStepByStepTest.goToCustomersMenu" duration-ms="1755" status="PASS">
          <reporter-output>
          </reporter-output>
        </test-method> <!-- clickCustomersSubMenu -->
        <test-method signature="clickCreateCustomerBtn()[pri:20, instance:tests.BagistoStepByStepTest@6a2f6f80]" started-at="2025-09-08T00:45:01 IST" name="clickCreateCustomerBtn" finished-at="2025-09-08T00:45:01 IST" depends-on-methods="tests.BagistoStepByStepTest.clickCustomersSubMenu" duration-ms="122" status="PASS">
          <reporter-output>
          </reporter-output>
        </test-method> <!-- clickCreateCustomerBtn -->
        <test-method signature="enterFirstName()[pri:21, instance:tests.BagistoStepByStepTest@6a2f6f80]" started-at="2025-09-08T00:45:01 IST" name="enterFirstName" finished-at="2025-09-08T00:45:02 IST" depends-on-methods="tests.BagistoStepByStepTest.clickCreateCustomerBtn" duration-ms="624" status="PASS">
          <reporter-output>
          </reporter-output>
        </test-method> <!-- enterFirstName -->
        <test-method signature="enterLastName()[pri:22, instance:tests.BagistoStepByStepTest@6a2f6f80]" started-at="2025-09-08T00:45:02 IST" name="enterLastName" finished-at="2025-09-08T00:45:02 IST" depends-on-methods="tests.BagistoStepByStepTest.enterFirstName" duration-ms="87" status="PASS">
          <reporter-output>
          </reporter-output>
        </test-method> <!-- enterLastName -->
        <test-method signature="enterCustomerEmail()[pri:23, instance:tests.BagistoStepByStepTest@6a2f6f80]" started-at="2025-09-08T00:45:02 IST" name="enterCustomerEmail" finished-at="2025-09-08T00:45:02 IST" depends-on-methods="tests.BagistoStepByStepTest.enterLastName" duration-ms="98" status="PASS">
          <reporter-output>
          </reporter-output>
        </test-method> <!-- enterCustomerEmail -->
        <test-method signature="selectGender()[pri:24, instance:tests.BagistoStepByStepTest@6a2f6f80]" started-at="2025-09-08T00:45:02 IST" name="selectGender" finished-at="2025-09-08T00:45:02 IST" depends-on-methods="tests.BagistoStepByStepTest.enterCustomerEmail" duration-ms="125" status="PASS">
          <reporter-output>
          </reporter-output>
        </test-method> <!-- selectGender -->
        <test-method signature="clickSaveCustomerBtn()[pri:25, instance:tests.BagistoStepByStepTest@6a2f6f80]" started-at="2025-09-08T00:45:02 IST" name="clickSaveCustomerBtn" finished-at="2025-09-08T00:45:06 IST" depends-on-methods="tests.BagistoStepByStepTest.selectGender" duration-ms="4105" status="PASS">
          <reporter-output>
          </reporter-output>
        </test-method> <!-- clickSaveCustomerBtn -->
        <test-method signature="clickNewCustomerLogin()[pri:26, instance:tests.BagistoStepByStepTest@6a2f6f80]" started-at="2025-09-08T00:45:06 IST" name="clickNewCustomerLogin" finished-at="2025-09-08T00:45:07 IST" depends-on-methods="tests.BagistoStepByStepTest.clickSaveCustomerBtn" duration-ms="147" status="PASS">
          <reporter-output>
          </reporter-output>
        </test-method> <!-- clickNewCustomerLogin -->
        <test-method signature="clickAddress()[pri:27, instance:tests.BagistoStepByStepTest@6a2f6f80]" started-at="2025-09-08T00:45:07 IST" name="clickAddress" finished-at="2025-09-08T00:45:11 IST" depends-on-methods="tests.BagistoStepByStepTest.clickNewCustomerLogin" duration-ms="4233" status="PASS">
          <reporter-output>
          </reporter-output>
        </test-method> <!-- clickAddress -->
        <test-method signature="clickAddAddressBtn()[pri:28, instance:tests.BagistoStepByStepTest@6a2f6f80]" started-at="2025-09-08T00:45:11 IST" name="clickAddAddressBtn" finished-at="2025-09-08T00:45:13 IST" depends-on-methods="tests.BagistoStepByStepTest.clickAddress" duration-ms="1939" status="PASS">
          <reporter-output>
          </reporter-output>
        </test-method> <!-- clickAddAddressBtn -->
        <test-method signature="enterAddressFirstName()[pri:29, instance:tests.BagistoStepByStepTest@6a2f6f80]" started-at="2025-09-08T00:45:13 IST" name="enterAddressFirstName" finished-at="2025-09-08T00:45:13 IST" depends-on-methods="tests.BagistoStepByStepTest.clickAddAddressBtn" duration-ms="109" status="PASS">
          <reporter-output>
          </reporter-output>
        </test-method> <!-- enterAddressFirstName -->
        <test-method signature="enterAddressLastName()[pri:30, instance:tests.BagistoStepByStepTest@6a2f6f80]" started-at="2025-09-08T00:45:13 IST" name="enterAddressLastName" finished-at="2025-09-08T00:45:13 IST" depends-on-methods="tests.BagistoStepByStepTest.enterAddressFirstName" duration-ms="81" status="PASS">
          <reporter-output>
          </reporter-output>
        </test-method> <!-- enterAddressLastName -->
        <test-method signature="enterAddressEmail()[pri:31, instance:tests.BagistoStepByStepTest@6a2f6f80]" started-at="2025-09-08T00:45:13 IST" name="enterAddressEmail" finished-at="2025-09-08T00:45:13 IST" depends-on-methods="tests.BagistoStepByStepTest.enterAddressLastName" duration-ms="115" status="PASS">
          <reporter-output>
          </reporter-output>
        </test-method> <!-- enterAddressEmail -->
        <test-method signature="enterStreetAddress()[pri:32, instance:tests.BagistoStepByStepTest@6a2f6f80]" started-at="2025-09-08T00:45:13 IST" name="enterStreetAddress" finished-at="2025-09-08T00:45:13 IST" depends-on-methods="tests.BagistoStepByStepTest.enterAddressEmail" duration-ms="91" status="PASS">
          <reporter-output>
          </reporter-output>
        </test-method> <!-- enterStreetAddress -->
        <test-method signature="selectCountry()[pri:33, instance:tests.BagistoStepByStepTest@6a2f6f80]" started-at="2025-09-08T00:45:13 IST" name="selectCountry" finished-at="2025-09-08T00:45:13 IST" depends-on-methods="tests.BagistoStepByStepTest.enterStreetAddress" duration-ms="129" status="PASS">
          <reporter-output>
          </reporter-output>
        </test-method> <!-- selectCountry -->
        <test-method signature="selectState()[pri:34, instance:tests.BagistoStepByStepTest@6a2f6f80]" started-at="2025-09-08T00:45:13 IST" name="selectState" finished-at="2025-09-08T00:45:13 IST" depends-on-methods="tests.BagistoStepByStepTest.selectCountry" duration-ms="102" status="PASS">
          <reporter-output>
          </reporter-output>
        </test-method> <!-- selectState -->
        <test-method signature="enterCity()[pri:35, instance:tests.BagistoStepByStepTest@6a2f6f80]" started-at="2025-09-08T00:45:13 IST" name="enterCity" finished-at="2025-09-08T00:45:13 IST" depends-on-methods="tests.BagistoStepByStepTest.selectState" duration-ms="99" status="PASS">
          <reporter-output>
          </reporter-output>
        </test-method> <!-- enterCity -->
        <test-method signature="enterPostCode()[pri:36, instance:tests.BagistoStepByStepTest@6a2f6f80]" started-at="2025-09-08T00:45:13 IST" name="enterPostCode" finished-at="2025-09-08T00:45:14 IST" depends-on-methods="tests.BagistoStepByStepTest.enterCity" duration-ms="83" status="PASS">
          <reporter-output>
          </reporter-output>
        </test-method> <!-- enterPostCode -->
        <test-method signature="enterPhone()[pri:37, instance:tests.BagistoStepByStepTest@6a2f6f80]" started-at="2025-09-08T00:45:14 IST" name="enterPhone" finished-at="2025-09-08T00:45:14 IST" depends-on-methods="tests.BagistoStepByStepTest.enterPostCode" duration-ms="80" status="PASS">
          <reporter-output>
          </reporter-output>
        </test-method> <!-- enterPhone -->
        <test-method signature="clickSaveAddressBtn()[pri:38, instance:tests.BagistoStepByStepTest@6a2f6f80]" started-at="2025-09-08T00:45:14 IST" name="clickSaveAddressBtn" finished-at="2025-09-08T00:45:16 IST" depends-on-methods="tests.BagistoStepByStepTest.enterPhone" duration-ms="2262" status="PASS">
          <reporter-output>
          </reporter-output>
        </test-method> <!-- clickSaveAddressBtn -->
        <test-method is-config="true" signature="tearDown()[pri:0, instance:tests.BagistoStepByStepTest@6a2f6f80]" started-at="2025-09-08T00:45:16 IST" name="tearDown" finished-at="2025-09-08T00:45:16 IST" duration-ms="357" status="PASS">
          <reporter-output>
          </reporter-output>
        </test-method> <!-- tearDown -->
      </class> <!-- tests.BagistoStepByStepTest -->
      <class name="tests.RegExcel">
        <test-method is-config="true" signature="setUpClass()[pri:0, instance:tests.RegExcel@8c3b9d]" started-at="2025-09-08T00:45:16 IST" name="setUpClass" finished-at="2025-09-08T00:45:20 IST" duration-ms="4132" status="PASS">
          <reporter-output>
          </reporter-output>
        </test-method> <!-- setUpClass -->
        <test-method signature="clickUsersIcon(java.lang.String,java.lang.String,java.lang.String,java.lang.String,java.lang.String)[pri:1, instance:tests.RegExcel@8c3b9d]" started-at="2025-09-08T00:45:21 IST" name="clickUsersIcon" data-provider="signupData" finished-at="2025-09-08T00:45:22 IST" duration-ms="1105" status="PASS">
          <params>
            <param index="0">
              <value>
                <![CDATA[bob]]>
              </value>
            </param>
            <param index="1">
              <value>
                <![CDATA[
Doe]]>
              </value>
            </param>
            <param index="2">
              <value>
                <![CDATA[bobby13@example.com ]]>
              </value>
            </param>
            <param index="3">
              <value>
                <![CDATA[bob123]]>
              </value>
            </param>
            <param index="4">
              <value>
                <![CDATA[bob123]]>
              </value>
            </param>
          </params>
          <reporter-output>
          </reporter-output>
        </test-method> <!-- clickUsersIcon -->
        <test-method signature="clickUsersIcon(java.lang.String,java.lang.String,java.lang.String,java.lang.String,java.lang.String)[pri:1, instance:tests.RegExcel@8c3b9d]" started-at="2025-09-08T00:45:22 IST" name="clickUsersIcon" data-provider="signupData" finished-at="2025-09-08T00:45:24 IST" duration-ms="1089" status="PASS">
          <params>
            <param index="0">
              <value>
                <![CDATA[Alie]]>
              </value>
            </param>
            <param index="1">
              <value>
                <![CDATA[dom]]>
              </value>
            </param>
            <param index="2">
              <value>
                <![CDATA[Alie1@example.com]]>
              </value>
            </param>
            <param index="3">
              <value>
                <![CDATA[alie123]]>
              </value>
            </param>
            <param index="4">
              <value>
                <![CDATA[alie123]]>
              </value>
            </param>
          </params>
          <reporter-output>
          </reporter-output>
        </test-method> <!-- clickUsersIcon -->
        <test-method signature="clickSignUpLink()[pri:2, instance:tests.RegExcel@8c3b9d]" started-at="2025-09-08T00:45:24 IST" name="clickSignUpLink" finished-at="2025-09-08T00:45:35 IST" depends-on-methods="tests.RegExcel.clickUsersIcon" duration-ms="11688" status="PASS">
          <reporter-output>
          </reporter-output>
        </test-method> <!-- clickSignUpLink -->
        <test-method signature="enterFirstName()[pri:3, instance:tests.RegExcel@8c3b9d]" started-at="2025-09-08T00:45:35 IST" name="enterFirstName" finished-at="2025-09-08T00:45:35 IST" depends-on-methods="tests.RegExcel.clickSignUpLink" duration-ms="235" status="PASS">
          <reporter-output>
          </reporter-output>
        </test-method> <!-- enterFirstName -->
        <test-method signature="enterLastName()[pri:4, instance:tests.RegExcel@8c3b9d]" started-at="2025-09-08T00:45:36 IST" name="enterLastName" finished-at="2025-09-08T00:45:36 IST" depends-on-methods="tests.RegExcel.enterFirstName" duration-ms="62" status="PASS">
          <reporter-output>
          </reporter-output>
        </test-method> <!-- enterLastName -->
        <test-method signature="enterEmail()[pri:5, instance:tests.RegExcel@8c3b9d]" started-at="2025-09-08T00:45:36 IST" name="enterEmail" finished-at="2025-09-08T00:45:36 IST" depends-on-methods="tests.RegExcel.enterLastName" duration-ms="82" status="PASS">
          <reporter-output>
          </reporter-output>
        </test-method> <!-- enterEmail -->
        <test-method signature="enterPassword()[pri:6, instance:tests.RegExcel@8c3b9d]" started-at="2025-09-08T00:45:36 IST" name="enterPassword" finished-at="2025-09-08T00:45:36 IST" depends-on-methods="tests.RegExcel.enterEmail" duration-ms="68" status="PASS">
          <reporter-output>
          </reporter-output>
        </test-method> <!-- enterPassword -->
        <test-method signature="enterConfirmPassword()[pri:7, instance:tests.RegExcel@8c3b9d]" started-at="2025-09-08T00:45:36 IST" name="enterConfirmPassword" finished-at="2025-09-08T00:45:36 IST" depends-on-methods="tests.RegExcel.enterPassword" duration-ms="67" status="PASS">
          <reporter-output>
          </reporter-output>
        </test-method> <!-- enterConfirmPassword -->
        <test-method signature="clickAgreement()[pri:8, instance:tests.RegExcel@8c3b9d]" started-at="2025-09-08T00:45:36 IST" name="clickAgreement" finished-at="2025-09-08T00:45:36 IST" depends-on-methods="tests.RegExcel.enterConfirmPassword" duration-ms="522" status="PASS">
          <reporter-output>
          </reporter-output>
        </test-method> <!-- clickAgreement -->
        <test-method signature="clickSubmit()[pri:9, instance:tests.RegExcel@8c3b9d]" started-at="2025-09-08T00:45:36 IST" name="clickSubmit" finished-at="2025-09-08T00:45:42 IST" depends-on-methods="tests.RegExcel.clickAgreement" duration-ms="5968" status="PASS">
          <reporter-output>
          </reporter-output>
        </test-method> <!-- clickSubmit -->
        <test-method is-config="true" signature="tearDownClass()[pri:0, instance:tests.RegExcel@8c3b9d]" started-at="2025-09-08T00:45:42 IST" name="tearDownClass" finished-at="2025-09-08T00:45:43 IST" duration-ms="250" status="PASS">
          <reporter-output>
          </reporter-output>
        </test-method> <!-- tearDownClass -->
      </class> <!-- tests.RegExcel -->
    </test> <!-- Test -->
  </suite> <!-- Suite -->
</testng-results>
